<?xml version="1.0" encoding="UTF-8"?>
<!-- Generated by org.testng.reporters.JUnitXMLReporter -->
<testsuite ignored="0" hostname="DESKTOP-BNIMVUJ" failures="1" tests="4" name="Test" time="60.832" errors="0" timestamp="2021-03-12T11:55:41 IST">
  <testcase classname="com.Selenium.maintest.mainTest1" name="bookself" time="15.539">
    <failure type="java.lang.AssertionError" message="element click intercepted: Element &amp;lt;input type=&amp;quot;checkbox&amp;quot; name=&amp;quot;filters[storage_type][]&amp;quot; id=&amp;quot;filters_storage_type_Open&amp;quot; value=&amp;quot;Open&amp;quot;&amp;gt; is not clickable at point (382, 196). Other element would receive the click: &amp;lt;input type=&amp;quot;checkbox&amp;quot; name=&amp;quot;filters[storage_type][]&amp;quot; id=&amp;quot;filters_storage_type_Open_And_Closed&amp;quot; value=&amp;quot;Open And Closed&amp;quot; disabled=&amp;quot;&amp;quot;&amp;gt;
  (Session info: chrome=89.0.4389.82)
Build info: version: &amp;apos;3.141.59&amp;apos;, revision: &amp;apos;e82be7d358&amp;apos;, time: &amp;apos;2018-11-14T08:17:03&amp;apos;
System info: host: &amp;apos;DESKTOP-BNIMVUJ&amp;apos;, ip: &amp;apos;192.168.1.101&amp;apos;, os.name: &amp;apos;Windows 10&amp;apos;, os.arch: &amp;apos;amd64&amp;apos;, os.version: &amp;apos;10.0&amp;apos;, java.version: &amp;apos;15.0.1&amp;apos;
Driver info: org.openqa.selenium.chrome.ChromeDriver
Capabilities {acceptInsecureCerts: false, browserName: chrome, browserVersion: 89.0.4389.82, chrome: {chromedriverVersion: 89.0.4389.23 (61b08ee2c5002..., userDataDir: C:\Users\Admin\AppData\Loca...}, goog:chromeOptions: {debuggerAddress: localhost:50058}, javascriptEnabled: true, networkConnectionEnabled: false, pageLoadStrategy: normal, platform: WINDOWS, platformName: WINDOWS, proxy: Proxy(), setWindowRect: true, strictFileInteractability: false, timeouts: {implicit: 0, pageLoad: 300000, script: 30000}, unhandledPromptBehavior: dismiss and notify, webauthn:extension:largeBlob: true, webauthn:virtualAuthenticators: true}
Session ID: f9b8d95c546f7e62bf8070fb83b452a1">
      <![CDATA[java.lang.AssertionError: element click intercepted: Element <input type="checkbox" name="filters[storage_type][]" id="filters_storage_type_Open" value="Open"> is not clickable at point (382, 196). Other element would receive the click: <input type="checkbox" name="filters[storage_type][]" id="filters_storage_type_Open_And_Closed" value="Open And Closed" disabled="">
  (Session info: chrome=89.0.4389.82)
Build info: version: '3.141.59', revision: 'e82be7d358', time: '2018-11-14T08:17:03'
System info: host: 'DESKTOP-BNIMVUJ', ip: '192.168.1.101', os.name: 'Windows 10', os.arch: 'amd64', os.version: '10.0', java.version: '15.0.1'
Driver info: org.openqa.selenium.chrome.ChromeDriver
Capabilities {acceptInsecureCerts: false, browserName: chrome, browserVersion: 89.0.4389.82, chrome: {chromedriverVersion: 89.0.4389.23 (61b08ee2c5002..., userDataDir: C:\Users\Admin\AppData\Loca...}, goog:chromeOptions: {debuggerAddress: localhost:50058}, javascriptEnabled: true, networkConnectionEnabled: false, pageLoadStrategy: normal, platform: WINDOWS, platformName: WINDOWS, proxy: Proxy(), setWindowRect: true, strictFileInteractability: false, timeouts: {implicit: 0, pageLoad: 300000, script: 30000}, unhandledPromptBehavior: dismiss and notify, webauthn:extension:largeBlob: true, webauthn:virtualAuthenticators: true}
Session ID: f9b8d95c546f7e62bf8070fb83b452a1
at com.Selenium.Pages.BaseUI.reportFail(BaseUI.java:232)
at com.Selenium.maintest.mainTest1.bookself(mainTest1.java:36)
at java.base/java.util.ArrayList.forEach(ArrayList.java:1511)
... Removed 28 stack frames]]>
    </failure>
  </testcase> <!-- bookself -->
  <testcase classname="com.Selenium.maintest.mainTest1" name="Collection" time="6.098"/>
  <testcase classname="com.Selenium.maintest.mainTest1" name="giftCard" time="22.747"/>
  <testcase classname="com.Selenium.maintest.mainTest1" name="highlyRecommendedStudyChair" time="15.927"/>
</testsuite> <!-- Test -->
