<?xml version="1.0" encoding="UTF-8"?>
<testng-results ignored="0" total="4" passed="3" failed="1" skipped="0">
  <reporter-output>
    <line>
      <![CDATA[
The price of the first three study chair]]>
    </line>
    <line>
      <![CDATA[Dorsey Study Chair :]]>
    </line>
    <line>
      <![CDATA[Rs.4124]]>
    </line>
    <line>
      <![CDATA[Mika Study Chair :]]>
    </line>
    <line>
      <![CDATA[Rs.10879]]>
    </line>
    <line>
      <![CDATA[Hawley Study Chair :]]>
    </line>
    <line>
      <![CDATA[Rs.6999]]>
    </line>
  </reporter-output>
  <suite started-at="2021-03-12T11:54:40 IST" name="Suite" finished-at="2021-03-12T11:55:41 IST" duration-ms="60832">
    <groups>
    </groups>
    <test started-at="2021-03-12T11:54:40 IST" name="Test" finished-at="2021-03-12T11:55:41 IST" duration-ms="60832">
      <class name="com.Selenium.maintest.mainTest1">
        <test-method is-config="true" signature="setupBrowser()[pri:0, instance:com.Selenium.maintest.mainTest1@69453e37]" started-at="2021-03-12T11:54:30 IST" name="setupBrowser" finished-at="2021-03-12T11:54:40 IST" duration-ms="10846" status="PASS">
          <reporter-output>
          </reporter-output>
        </test-method> <!-- setupBrowser -->
        <test-method signature="bookself()[pri:1, instance:com.Selenium.maintest.mainTest1@69453e37]" started-at="2021-03-12T11:54:40 IST" name="bookself" finished-at="2021-03-12T11:54:56 IST" duration-ms="15539" status="FAIL">
          <exception class="java.lang.AssertionError">
            <message>
              <![CDATA[element click intercepted: Element <input type="checkbox" name="filters[storage_type][]" id="filters_storage_type_Open" value="Open"> is not clickable at point (382, 196). Other element would receive the click: <input type="checkbox" name="filters[storage_type][]" id="filters_storage_type_Open_And_Closed" value="Open And Closed" disabled="">
  (Session info: chrome=89.0.4389.82)
Build info: version: '3.141.59', revision: 'e82be7d358', time: '2018-11-14T08:17:03'
System info: host: 'DESKTOP-BNIMVUJ', ip: '192.168.1.101', os.name: 'Windows 10', os.arch: 'amd64', os.version: '10.0', java.version: '15.0.1'
Driver info: org.openqa.selenium.chrome.ChromeDriver
Capabilities {acceptInsecureCerts: false, browserName: chrome, browserVersion: 89.0.4389.82, chrome: {chromedriverVersion: 89.0.4389.23 (61b08ee2c5002..., userDataDir: C:\Users\Admin\AppData\Loca...}, goog:chromeOptions: {debuggerAddress: localhost:50058}, javascriptEnabled: true, networkConnectionEnabled: false, pageLoadStrategy: normal, platform: WINDOWS, platformName: WINDOWS, proxy: Proxy(), setWindowRect: true, strictFileInteractability: false, timeouts: {implicit: 0, pageLoad: 300000, script: 30000}, unhandledPromptBehavior: dismiss and notify, webauthn:extension:largeBlob: true, webauthn:virtualAuthenticators: true}
Session ID: f9b8d95c546f7e62bf8070fb83b452a1]]>
            </message>
            <full-stacktrace>
              <![CDATA[java.lang.AssertionError: element click intercepted: Element <input type="checkbox" name="filters[storage_type][]" id="filters_storage_type_Open" value="Open"> is not clickable at point (382, 196). Other element would receive the click: <input type="checkbox" name="filters[storage_type][]" id="filters_storage_type_Open_And_Closed" value="Open And Closed" disabled="">
  (Session info: chrome=89.0.4389.82)
Build info: version: '3.141.59', revision: 'e82be7d358', time: '2018-11-14T08:17:03'
System info: host: 'DESKTOP-BNIMVUJ', ip: '192.168.1.101', os.name: 'Windows 10', os.arch: 'amd64', os.version: '10.0', java.version: '15.0.1'
Driver info: org.openqa.selenium.chrome.ChromeDriver
Capabilities {acceptInsecureCerts: false, browserName: chrome, browserVersion: 89.0.4389.82, chrome: {chromedriverVersion: 89.0.4389.23 (61b08ee2c5002..., userDataDir: C:\Users\Admin\AppData\Loca...}, goog:chromeOptions: {debuggerAddress: localhost:50058}, javascriptEnabled: true, networkConnectionEnabled: false, pageLoadStrategy: normal, platform: WINDOWS, platformName: WINDOWS, proxy: Proxy(), setWindowRect: true, strictFileInteractability: false, timeouts: {implicit: 0, pageLoad: 300000, script: 30000}, unhandledPromptBehavior: dismiss and notify, webauthn:extension:largeBlob: true, webauthn:virtualAuthenticators: true}
Session ID: f9b8d95c546f7e62bf8070fb83b452a1
at org.testng.Assert.fail(Assert.java:99)
at com.Selenium.Pages.BaseUI.reportFail(BaseUI.java:232)
at com.Selenium.maintest.mainTest1.bookself(mainTest1.java:36)
at java.base/jdk.internal.reflect.NativeMethodAccessorImpl.invoke0(Native Method)
at java.base/jdk.internal.reflect.NativeMethodAccessorImpl.invoke(NativeMethodAccessorImpl.java:64)
at java.base/jdk.internal.reflect.DelegatingMethodAccessorImpl.invoke(DelegatingMethodAccessorImpl.java:43)
at java.base/java.lang.reflect.Method.invoke(Method.java:564)
at org.testng.internal.MethodInvocationHelper.invokeMethod(MethodInvocationHelper.java:132)
at org.testng.internal.TestInvoker.invokeMethod(TestInvoker.java:599)
at org.testng.internal.TestInvoker.invokeTestMethod(TestInvoker.java:174)
at org.testng.internal.MethodRunner.runInSequence(MethodRunner.java:46)
at org.testng.internal.TestInvoker$MethodInvocationAgent.invoke(TestInvoker.java:822)
at org.testng.internal.TestInvoker.invokeTestMethods(TestInvoker.java:147)
at org.testng.internal.TestMethodWorker.invokeTestMethods(TestMethodWorker.java:146)
at org.testng.internal.TestMethodWorker.run(TestMethodWorker.java:128)
at java.base/java.util.ArrayList.forEach(ArrayList.java:1511)
at org.testng.TestRunner.privateRun(TestRunner.java:764)
at org.testng.TestRunner.run(TestRunner.java:585)
at org.testng.SuiteRunner.runTest(SuiteRunner.java:384)
at org.testng.SuiteRunner.runSequentially(SuiteRunner.java:378)
at org.testng.SuiteRunner.privateRun(SuiteRunner.java:337)
at org.testng.SuiteRunner.run(SuiteRunner.java:286)
at org.testng.SuiteRunnerWorker.runSuite(SuiteRunnerWorker.java:53)
at org.testng.SuiteRunnerWorker.run(SuiteRunnerWorker.java:96)
at org.testng.TestNG.runSuitesSequentially(TestNG.java:1218)
at org.testng.TestNG.runSuitesLocally(TestNG.java:1140)
at org.testng.TestNG.runSuites(TestNG.java:1069)
at org.testng.TestNG.run(TestNG.java:1037)
at org.testng.remote.AbstractRemoteTestNG.run(AbstractRemoteTestNG.java:115)
at org.testng.remote.RemoteTestNG.initAndRun(RemoteTestNG.java:251)
at org.testng.remote.RemoteTestNG.main(RemoteTestNG.java:77)
]]>
            </full-stacktrace>
          </exception> <!-- java.lang.AssertionError -->
          <reporter-output>
          </reporter-output>
        </test-method> <!-- bookself -->
        <test-method signature="Collection()[pri:2, instance:com.Selenium.maintest.mainTest1@69453e37]" started-at="2021-03-12T11:54:56 IST" name="Collection" finished-at="2021-03-12T11:55:02 IST" duration-ms="6098" status="PASS">
          <reporter-output>
          </reporter-output>
        </test-method> <!-- Collection -->
        <test-method signature="giftCard()[pri:3, instance:com.Selenium.maintest.mainTest1@69453e37]" started-at="2021-03-12T11:55:02 IST" name="giftCard" finished-at="2021-03-12T11:55:25 IST" duration-ms="22747" status="PASS">
          <reporter-output>
          </reporter-output>
        </test-method> <!-- giftCard -->
        <test-method signature="highlyRecommendedStudyChair()[pri:4, instance:com.Selenium.maintest.mainTest1@69453e37]" started-at="2021-03-12T11:55:25 IST" name="highlyRecommendedStudyChair" finished-at="2021-03-12T11:55:41 IST" duration-ms="15927" status="PASS">
          <reporter-output>
            <line>
              <![CDATA[
The price of the first three study chair]]>
            </line>
            <line>
              <![CDATA[Dorsey Study Chair :]]>
            </line>
            <line>
              <![CDATA[Rs.4124]]>
            </line>
            <line>
              <![CDATA[Mika Study Chair :]]>
            </line>
            <line>
              <![CDATA[Rs.10879]]>
            </line>
            <line>
              <![CDATA[Hawley Study Chair :]]>
            </line>
            <line>
              <![CDATA[Rs.6999]]>
            </line>
          </reporter-output>
        </test-method> <!-- highlyRecommendedStudyChair -->
        <test-method is-config="true" signature="endReport()[pri:0, instance:com.Selenium.maintest.mainTest1@69453e37]" started-at="2021-03-12T11:55:41 IST" name="endReport" finished-at="2021-03-12T11:55:41 IST" duration-ms="477" status="PASS">
          <reporter-output>
          </reporter-output>
        </test-method> <!-- endReport -->
        <test-method is-config="true" signature="closeBrowser()[pri:0, instance:com.Selenium.maintest.mainTest1@69453e37]" started-at="2021-03-12T11:55:41 IST" name="closeBrowser" finished-at="2021-03-12T11:55:45 IST" duration-ms="4134" status="PASS">
          <reporter-output>
          </reporter-output>
        </test-method> <!-- closeBrowser -->
      </class> <!-- com.Selenium.maintest.mainTest1 -->
    </test> <!-- Test -->
  </suite> <!-- Suite -->
</testng-results>
