<?xml version="1.0" encoding="UTF-8"?>
<!-- Generated by org.testng.reporters.JUnitReportReporter -->
<testsuite hostname="DESKTOP-BNIMVUJ" failures="1" tests="4" name="com.Selenium.maintest.mainTest1" time="60.311" errors="0" timestamp="2021-03-12T11:55:46 IST" skipped="0">
  <testcase classname="com.Selenium.maintest.mainTest1" name="bookself" time="15.539">
    <failure message="element click intercepted: Element &lt;input type=&quot;checkbox&quot; name=&quot;filters[storage_type][]&quot; id=&quot;filters_storage_type_Open&quot; value=&quot;Open&quot;&gt; is not clickable at point (382, 196). Other element would receive the click: &lt;input type=&quot;checkbox&quot; name=&quot;filters[storage_type][]&quot; id=&quot;filters_storage_type_Open_And_Closed&quot; value=&quot;Open And Closed&quot; disabled=&quot;&quot;&gt;
  (Session info: chrome=89.0.4389.82)
Build info: version: &#039;3.141.59&#039;, revision: &#039;e82be7d358&#039;, time: &#039;2018-11-14T08:17:03&#039;
System info: host: &#039;DESKTOP-BNIMVUJ&#039;, ip: &#039;192.168.1.101&#039;, os.name: &#039;Windows 10&#039;, os.arch: &#039;amd64&#039;, os.version: &#039;10.0&#039;, java.version: &#039;15.0.1&#039;
Driver info: org.openqa.selenium.chrome.ChromeDriver
Capabilities {acceptInsecureCerts: false, browserName: chrome, browserVersion: 89.0.4389.82, chrome: {chromedriverVersion: 89.0.4389.23 (61b08ee2c5002..., userDataDir: C:\Users\Admin\AppData\Loca...}, goog:chromeOptions: {debuggerAddress: localhost:50058}, javascriptEnabled: true, networkConnectionEnabled: false, pageLoadStrategy: normal, platform: WINDOWS, platformName: WINDOWS, proxy: Proxy(), setWindowRect: true, strictFileInteractability: false, timeouts: {implicit: 0, pageLoad: 300000, script: 30000}, unhandledPromptBehavior: dismiss and notify, webauthn:extension:largeBlob: true, webauthn:virtualAuthenticators: true}
Session ID: f9b8d95c546f7e62bf8070fb83b452a1" type="java.lang.AssertionError">
      <![CDATA[java.lang.AssertionError: element click intercepted: Element <input type="checkbox" name="filters[storage_type][]" id="filters_storage_type_Open" value="Open"> is not clickable at point (382, 196). Other element would receive the click: <input type="checkbox" name="filters[storage_type][]" id="filters_storage_type_Open_And_Closed" value="Open And Closed" disabled="">
  (Session info: chrome=89.0.4389.82)
Build info: version: '3.141.59', revision: 'e82be7d358', time: '2018-11-14T08:17:03'
System info: host: 'DESKTOP-BNIMVUJ', ip: '192.168.1.101', os.name: 'Windows 10', os.arch: 'amd64', os.version: '10.0', java.version: '15.0.1'
Driver info: org.openqa.selenium.chrome.ChromeDriver
Capabilities {acceptInsecureCerts: false, browserName: chrome, browserVersion: 89.0.4389.82, chrome: {chromedriverVersion: 89.0.4389.23 (61b08ee2c5002..., userDataDir: C:\Users\Admin\AppData\Loca...}, goog:chromeOptions: {debuggerAddress: localhost:50058}, javascriptEnabled: true, networkConnectionEnabled: false, pageLoadStrategy: normal, platform: WINDOWS, platformName: WINDOWS, proxy: Proxy(), setWindowRect: true, strictFileInteractability: false, timeouts: {implicit: 0, pageLoad: 300000, script: 30000}, unhandledPromptBehavior: dismiss and notify, webauthn:extension:largeBlob: true, webauthn:virtualAuthenticators: true}
Session ID: f9b8d95c546f7e62bf8070fb83b452a1
at org.testng.Assert.fail(Assert.java:99)
at com.Selenium.Pages.BaseUI.reportFail(BaseUI.java:232)
at com.Selenium.maintest.mainTest1.bookself(mainTest1.java:36)
at java.base/jdk.internal.reflect.NativeMethodAccessorImpl.invoke0(Native Method)
at java.base/jdk.internal.reflect.NativeMethodAccessorImpl.invoke(NativeMethodAccessorImpl.java:64)
at java.base/jdk.internal.reflect.DelegatingMethodAccessorImpl.invoke(DelegatingMethodAccessorImpl.java:43)
at java.base/java.lang.reflect.Method.invoke(Method.java:564)
at org.testng.internal.MethodInvocationHelper.invokeMethod(MethodInvocationHelper.java:132)
at org.testng.internal.TestInvoker.invokeMethod(TestInvoker.java:599)
at org.testng.internal.TestInvoker.invokeTestMethod(TestInvoker.java:174)
at org.testng.internal.MethodRunner.runInSequence(MethodRunner.java:46)
at org.testng.internal.TestInvoker$MethodInvocationAgent.invoke(TestInvoker.java:822)
at org.testng.internal.TestInvoker.invokeTestMethods(TestInvoker.java:147)
at org.testng.internal.TestMethodWorker.invokeTestMethods(TestMethodWorker.java:146)
at org.testng.internal.TestMethodWorker.run(TestMethodWorker.java:128)
at java.base/java.util.ArrayList.forEach(ArrayList.java:1511)
at org.testng.TestRunner.privateRun(TestRunner.java:764)
at org.testng.TestRunner.run(TestRunner.java:585)
at org.testng.SuiteRunner.runTest(SuiteRunner.java:384)
at org.testng.SuiteRunner.runSequentially(SuiteRunner.java:378)
at org.testng.SuiteRunner.privateRun(SuiteRunner.java:337)
at org.testng.SuiteRunner.run(SuiteRunner.java:286)
at org.testng.SuiteRunnerWorker.runSuite(SuiteRunnerWorker.java:53)
at org.testng.SuiteRunnerWorker.run(SuiteRunnerWorker.java:96)
at org.testng.TestNG.runSuitesSequentially(TestNG.java:1218)
at org.testng.TestNG.runSuitesLocally(TestNG.java:1140)
at org.testng.TestNG.runSuites(TestNG.java:1069)
at org.testng.TestNG.run(TestNG.java:1037)
at org.testng.remote.AbstractRemoteTestNG.run(AbstractRemoteTestNG.java:115)
at org.testng.remote.RemoteTestNG.initAndRun(RemoteTestNG.java:251)
at org.testng.remote.RemoteTestNG.main(RemoteTestNG.java:77)
]]>
    </failure>
  </testcase> <!-- bookself -->
  <system-out/>
  <testcase classname="com.Selenium.maintest.mainTest1" name="Collection" time="6.098"/>
  <system-out/>
  <testcase classname="com.Selenium.maintest.mainTest1" name="giftCard" time="22.747"/>
  <system-out/>
  <testcase classname="com.Selenium.maintest.mainTest1" name="highlyRecommendedStudyChair" time="15.927"/>
  <system-out>

The price of the first three study chair Dorsey Study Chair : Rs.4124 Mika Study Chair : Rs.10879 Hawley Study Chair : Rs.6999  </system-out>
</testsuite> <!-- com.Selenium.maintest.mainTest1 -->
